<?xml version="1.0" encoding="UTF-8"?>
<!-- Generated by org.testng.reporters.JUnitReportReporter -->
<testsuite skipped="0" hostname="DESKTOP-TA78S10" name="com_tests.DemoTest" tests="1" failures="0" timestamp="18 Jul 2019 15:10:34 GMT" time="0.005" errors="0">
  <testcase name="f" time="0.005" classname="com_tests.DemoTest"/>
</testsuite> <!-- com_tests.DemoTest -->
