<?xml version="1.0" encoding="UTF-8"?>
<!-- Generated by org.testng.reporters.JUnitReportReporter -->
<testsuite skipped="0" hostname="DESKTOP-TA78S10" name="com_tests.Sample_Test" tests="1" failures="0" timestamp="02 Aug 2019 17:13:28 GMT" time="0.024" errors="0">
  <testcase name="f" time="0.024" classname="com_tests.Sample_Test"/>
</testsuite> <!-- com_tests.Sample_Test -->
