<?xml version="1.0" encoding="UTF-8"?>
<!-- Generated by org.testng.reporters.JUnitReportReporter -->
<testsuite skipped="0" hostname="DESKTOP-TA78S10" name="com_tests.SearchHotelTest" tests="1" failures="0" timestamp="10 Aug 2019 15:35:54 GMT" time="22.901" errors="0">
  <testcase name="search_Hotel" time="22.901" classname="com_tests.SearchHotelTest"/>
</testsuite> <!-- com_tests.SearchHotelTest -->
