<?xml version="1.0" encoding="UTF-8"?>
<!-- Generated by org.testng.reporters.JUnitReportReporter -->
<testsuite skipped="0" hostname="DESKTOP-TA78S10" name="com_tests.Sample_Test" tests="1" failures="0" timestamp="10 Aug 2019 15:35:54 GMT" time="0.001" errors="0">
  <testcase name="f" time="0.001" classname="com_tests.Sample_Test"/>
</testsuite> <!-- com_tests.Sample_Test -->
